<?xml version="1.0" encoding="UTF-8"?>
<!-- Generated by org.testng.reporters.JUnitReportReporter -->
<testsuite hostname="kovalenko" name="com.example.tests.ContacnCreationTest" tests="2" failures="0" timestamp="24 Jan 2018 09:20:48 GMT" time="6.262" errors="0">
  <testcase name="testEmptyContactCreation" time="2.961" classname="com.example.tests.ContacnCreationTest"/>
  <testcase name="testNonEmptyContactCreation" time="3.301" classname="com.example.tests.ContacnCreationTest"/>
</testsuite> <!-- com.example.tests.ContacnCreationTest -->
