<?xml version="1.0" encoding="UTF-8"?>
<!-- Generated by org.testng.reporters.JUnitReportReporter -->
<testsuite hostname="kovalenko" name="com.example.tests.GruopCreationTests" tests="2" failures="0" timestamp="22 Jan 2018 14:57:15 GMT" time="3.549" errors="0">
  <testcase name="testEmptyGroupCreation" time="1.688" classname="com.example.tests.GruopCreationTests"/>
  <testcase name="testNonEmptyGroupCreation" time="1.861" classname="com.example.tests.GruopCreationTests"/>
</testsuite> <!-- com.example.tests.GruopCreationTests -->
