<?xml version="1.0" encoding="UTF-8"?>
<!-- Generated by org.testng.reporters.JUnitReportReporter -->
<testsuite hostname="kovalenko" name="com.example.tests.AlsoGruopCreationTests" tests="2" failures="0" timestamp="22 Jan 2018 14:57:15 GMT" time="3.670" errors="0">
  <testcase name="testNonEmptyGroupCreation" time="1.827" classname="com.example.tests.AlsoGruopCreationTests"/>
  <testcase name="testEmptyGroupCreation" time="1.843" classname="com.example.tests.AlsoGruopCreationTests"/>
</testsuite> <!-- com.example.tests.AlsoGruopCreationTests -->
