<?xml version="1.0" encoding="UTF-8"?>
<!-- Generated by org.testng.reporters.JUnitReportReporter -->
<testsuite hostname="kovalenko" name="com.example.tests.ContactCreationTest" tests="2" failures="0" timestamp="24 Jan 2018 09:33:05 GMT" time="5.593" errors="0">
  <testcase name="testNonEmptyContactCreation" time="2.946" classname="com.example.tests.ContactCreationTest"/>
  <testcase name="testEmptyContactCreation" time="2.647" classname="com.example.tests.ContactCreationTest"/>
</testsuite> <!-- com.example.tests.ContactCreationTest -->
