<?xml version="1.0" encoding="UTF-8"?>
<!-- Generated by org.testng.reporters.JUnitReportReporter -->
<testsuite hostname="kovalenko" name="com.example.tests.GruopCreationTests" tests="2" failures="0" timestamp="24 Jan 2018 09:33:05 GMT" time="2.561" errors="0">
  <testcase name="testEmptyGroupCreation" time="1.245" classname="com.example.tests.GruopCreationTests"/>
  <testcase name="testNonEmptyGroupCreation" time="1.316" classname="com.example.tests.GruopCreationTests"/>
</testsuite> <!-- com.example.tests.GruopCreationTests -->
